<?xml version="1.0" encoding="UTF-8" ?>
<testsuite errors="0" failures="0" hostname="DESKTOP-CQGCKMN" name="checkin.CheckInControllerSpec" skipped="0" tests="7" time="5.36" timestamp="2017-05-13T10:28:29">
  <properties />
  <testcase classname="checkin.CheckInControllerSpec" name="Test the index action returns the correct model" time="4.558" />
  <testcase classname="checkin.CheckInControllerSpec" name="Test the create action returns the correct model" time="0.115" />
  <testcase classname="checkin.CheckInControllerSpec" name="Test the save action correctly persists an instance" time="0.328" />
  <testcase classname="checkin.CheckInControllerSpec" name="Test that the show action returns the correct model" time="0.04" />
  <testcase classname="checkin.CheckInControllerSpec" name="Test that the edit action returns the correct model" time="0.044" />
  <testcase classname="checkin.CheckInControllerSpec" name="Test the update action performs an update on a valid domain instance" time="0.154" />
  <testcase classname="checkin.CheckInControllerSpec" name="Test that the delete action deletes an instance if it exists" time="0.066" />
  <system-out><![CDATA[--Output from Test the index action returns the correct model--
--Output from Test the create action returns the correct model--
--Output from Test the save action correctly persists an instance--
--Output from Test that the show action returns the correct model--
--Output from Test that the edit action returns the correct model--
--Output from Test the update action performs an update on a valid domain instance--
null
--Output from Test that the delete action deletes an instance if it exists--
]]></system-out>
  <system-err><![CDATA[--Output from Test the index action returns the correct model--
--Output from Test the create action returns the correct model--
--Output from Test the save action correctly persists an instance--
--Output from Test that the show action returns the correct model--
--Output from Test that the edit action returns the correct model--
--Output from Test the update action performs an update on a valid domain instance--
--Output from Test that the delete action deletes an instance if it exists--
]]></system-err>
</testsuite>
